# JRE version: Java(TM) SE Runtime Environment (24.0.2+12) (build 24.0.2+12-54)
# Java VM: Java HotSpot(TM) 64-Bit Server VM (24.0.2+12-54, mixed mode, sharing, tiered, compressed oops, compressed class ptrs, g1 gc, windows-amd64)
GC Precious Log:
 CardTable entry size: 512
 Card Set container configuration: InlinePtr #cards 5 size 8 Array Of Cards #cards 10 size 36 Howl #buckets 4 coarsen threshold 1843 Howl Bitmap #cards 512 size 80 coarsen threshold 460 Card regions per heap region 1 cards per card region 2048
 CPUs: 4 total, 4 available
 Memory: 4033M
 Large Page Support: Disabled
 NUMA Support: Disabled
 Compressed Oops: Enabled (32-bit)
 Heap Region Size: 1M
 Heap Min Capacity: 256M
 Heap Initial Capacity: 256M
 Heap Max Capacity: 512M
 Pre-touch: Disabled
 Parallel Workers: 4
 Concurrent Workers: 1
 Concurrent Refinement Workers: 4
 Periodic GC: Disabled
Heap:
 garbage-first heap   total reserved 524288K, committed 266240K, used 182622K [0x00000000e0000000, 0x0000000100000000)
  region size 1024K, 33 young (33792K), 5 survivors (5120K)
 Metaspace       used 139800K, committed 142208K, reserved 458752K
  class space    used 15424K, committed 16576K, reserved 327680K
GC Heap History (20 events):
Event: 210.715 GC heap before
{Heap before GC invocations=14 (full 0):
 garbage-first heap   total reserved 524288K, committed 262144K, used 217328K [0x00000000e0000000, 0x0000000100000000)
  region size 1024K, 146 young (149504K), 5 survivors (5120K)
 Metaspace       used 92872K, committed 95232K, reserved 458752K
  class space    used 10841K, committed 11968K, reserved 327680K
}
Event: 210.968 GC heap after
{Heap after GC invocations=15 (full 0):
 garbage-first heap   total reserved 524288K, committed 262144K, used 96768K [0x00000000e0000000, 0x0000000100000000)
  region size 1024K, 19 young (19456K), 19 survivors (19456K)
 Metaspace       used 92872K, committed 95232K, reserved 458752K
  class space    used 10841K, committed 11968K, reserved 327680K
}
Event: 211.009 GC heap before
{Heap before GC invocations=15 (full 0):
 garbage-first heap   total reserved 524288K, committed 262144K, used 97792K [0x00000000e0000000, 0x0000000100000000)
  region size 1024K, 20 young (20480K), 19 survivors (19456K)
 Metaspace       used 92969K, committed 95360K, reserved 458752K
  class space    used 10855K, committed 11968K, reserved 327680K
}
Event: 211.051 GC heap after
{Heap after GC invocations=16 (full 0):
 garbage-first heap   total reserved 524288K, committed 262144K, used 99237K [0x00000000e0000000, 0x0000000100000000)
  region size 1024K, 2 young (2048K), 2 survivors (2048K)
 Metaspace       used 92969K, committed 95360K, reserved 458752K
  class space    used 10855K, committed 11968K, reserved 327680K
}
Event: 229.927 GC heap before
{Heap before GC invocations=17 (full 0):
 garbage-first heap   total reserved 524288K, committed 262144K, used 225189K [0x00000000e0000000, 0x0000000100000000)
  region size 1024K, 126 young (129024K), 2 survivors (2048K)
 Metaspace       used 107605K, committed 109952K, reserved 458752K
  class space    used 12284K, committed 13376K, reserved 327680K
}
Event: 229.968 GC heap after
{Heap after GC invocations=18 (full 0):
 garbage-first heap   total reserved 524288K, committed 262144K, used 105777K [0x00000000e0000000, 0x0000000100000000)
  region size 1024K, 9 young (9216K), 9 survivors (9216K)
 Metaspace       used 107605K, committed 109952K, reserved 458752K
  class space    used 12284K, committed 13376K, reserved 327680K
}
Event: 238.500 GC heap before
{Heap before GC invocations=18 (full 0):
 garbage-first heap   total reserved 524288K, committed 262144K, used 229681K [0x00000000e0000000, 0x0000000100000000)
  region size 1024K, 130 young (133120K), 9 survivors (9216K)
 Metaspace       used 119396K, committed 121792K, reserved 458752K
  class space    used 13410K, committed 14528K, reserved 327680K
}
Event: 238.654 GC heap after
{Heap after GC invocations=19 (full 0):
 garbage-first heap   total reserved 524288K, committed 262144K, used 120138K [0x00000000e0000000, 0x0000000100000000)
  region size 1024K, 17 young (17408K), 17 survivors (17408K)
 Metaspace       used 119396K, committed 121792K, reserved 458752K
  class space    used 13410K, committed 14528K, reserved 327680K
}
Event: 241.919 GC heap before
{Heap before GC invocations=19 (full 0):
 garbage-first heap   total reserved 524288K, committed 262144K, used 172362K [0x00000000e0000000, 0x0000000100000000)
  region size 1024K, 69 young (70656K), 17 survivors (17408K)
 Metaspace       used 126196K, committed 128576K, reserved 458752K
  class space    used 14120K, committed 15232K, reserved 327680K
}
Event: 241.989 GC heap after
{Heap after GC invocations=20 (full 0):
 garbage-first heap   total reserved 524288K, committed 262144K, used 123392K [0x00000000e0000000, 0x0000000100000000)
  region size 1024K, 3 young (3072K), 3 survivors (3072K)
 Metaspace       used 126196K, committed 128576K, reserved 458752K
  class space    used 14120K, committed 15232K, reserved 327680K
}
Event: 249.356 GC heap before
{Heap before GC invocations=21 (full 0):
 garbage-first heap   total reserved 524288K, committed 262144K, used 238080K [0x00000000e0000000, 0x0000000100000000)
  region size 1024K, 107 young (109568K), 3 survivors (3072K)
 Metaspace       used 129920K, committed 132288K, reserved 458752K
  class space    used 14481K, committed 15616K, reserved 327680K
}
Event: 249.438 GC heap after
{Heap after GC invocations=22 (full 0):
 garbage-first heap   total reserved 524288K, committed 263168K, used 145408K [0x00000000e0000000, 0x0000000100000000)
  region size 1024K, 14 young (14336K), 14 survivors (14336K)
 Metaspace       used 129920K, committed 132288K, reserved 458752K
  class space    used 14481K, committed 15616K, reserved 327680K
}
Event: 252.569 GC heap before
{Heap before GC invocations=22 (full 0):
 garbage-first heap   total reserved 524288K, committed 263168K, used 226304K [0x00000000e0000000, 0x0000000100000000)
  region size 1024K, 92 young (94208K), 14 survivors (14336K)
 Metaspace       used 132159K, committed 134528K, reserved 458752K
  class space    used 14628K, committed 15744K, reserved 327680K
}
Event: 252.782 GC heap after
{Heap after GC invocations=23 (full 0):
 garbage-first heap   total reserved 524288K, committed 263168K, used 166912K [0x00000000e0000000, 0x0000000100000000)
  region size 1024K, 12 young (12288K), 12 survivors (12288K)
 Metaspace       used 132159K, committed 134528K, reserved 458752K
  class space    used 14628K, committed 15744K, reserved 327680K
}
Event: 274.767 GC heap before
{Heap before GC invocations=23 (full 0):
 garbage-first heap   total reserved 524288K, committed 263168K, used 226304K [0x00000000e0000000, 0x0000000100000000)
  region size 1024K, 71 young (72704K), 12 survivors (12288K)
 Metaspace       used 137690K, committed 140160K, reserved 458752K
  class space    used 15197K, committed 16320K, reserved 327680K
}
Event: 274.963 GC heap after
{Heap after GC invocations=24 (full 0):
 garbage-first heap   total reserved 524288K, committed 263168K, used 174592K [0x00000000e0000000, 0x0000000100000000)
  region size 1024K, 7 young (7168K), 7 survivors (7168K)
 Metaspace       used 137690K, committed 140160K, reserved 458752K
  class space    used 15197K, committed 16320K, reserved 327680K
}
Event: 282.630 GC heap before
{Heap before GC invocations=25 (full 0):
 garbage-first heap   total reserved 524288K, committed 266240K, used 216576K [0x00000000e0000000, 0x0000000100000000)
  region size 1024K, 64 young (65536K), 7 survivors (7168K)
 Metaspace       used 139632K, committed 142016K, reserved 458752K
  class space    used 15401K, committed 16512K, reserved 327680K
}
Event: 282.691 GC heap after
{Heap after GC invocations=26 (full 0):
 garbage-first heap   total reserved 524288K, committed 266240K, used 164864K [0x00000000e0000000, 0x0000000100000000)
  region size 1024K, 6 young (6144K), 6 survivors (6144K)
 Metaspace       used 139632K, committed 142016K, reserved 458752K
  class space    used 15401K, committed 16512K, reserved 327680K
}
Event: 285.721 GC heap before
{Heap before GC invocations=26 (full 0):
 garbage-first heap   total reserved 524288K, committed 266240K, used 233472K [0x00000000e0000000, 0x0000000100000000)
  region size 1024K, 74 young (75776K), 6 survivors (6144K)
 Metaspace       used 139634K, committed 142016K, reserved 458752K
  class space    used 15402K, committed 16512K, reserved 327680K
}
Event: 285.874 GC heap after
{Heap after GC invocations=27 (full 0):
 garbage-first heap   total reserved 524288K, committed 266240K, used 154974K [0x00000000e0000000, 0x0000000100000000)
  region size 1024K, 5 young (5120K), 5 survivors (5120K)
 Metaspace       used 139634K, committed 142016K, reserved 458752K
  class space    used 15402K, committed 16512K, reserved 327680K
}

